openCVLibrary349/build/intermediates/manifest_merge_blame_file/debug/manifest-merger-blame-debug-report.txt
1<?xml version="1.0" encoding="utf-8"?>
2<manifest xmlns:android="http://schemas.android.com/apk/res/android"
3    package="org.opencv"
4    android:versionCode="3490"
5    android:versionName="3.4.9" >
6
7    <uses-sdk
7-->src\main\AndroidManifest.xml:7:5-48
8        android:minSdkVersion="14"
8-->src\main\AndroidManifest.xml:7:5-48
9        android:targetSdkVersion="29" />
9-->src\main\AndroidManifest.xml:7:16-45
10
11    <uses-permission android:name="android.permission.CAMERA" />
11-->src\main\AndroidManifest.xml:9:5-64
11-->src\main\AndroidManifest.xml:9:22-62
12
13    <uses-feature
13-->src\main\AndroidManifest.xml:11:5-84
14        android:name="android.hardware.camera"
14-->src\main\AndroidManifest.xml:11:19-57
15        android:required="false" />
15-->src\main\AndroidManifest.xml:11:58-82
16    <uses-feature
16-->src\main\AndroidManifest.xml:12:5-94
17        android:name="android.hardware.camera.autofocus"
17-->src\main\AndroidManifest.xml:12:19-67
18        android:required="false" />
18-->src\main\AndroidManifest.xml:12:68-92
19    <uses-feature
19-->src\main\AndroidManifest.xml:13:5-90
20        android:name="android.hardware.camera.front"
20-->src\main\AndroidManifest.xml:13:19-63
21        android:required="false" />
21-->src\main\AndroidManifest.xml:13:64-88
22    <uses-feature
22-->src\main\AndroidManifest.xml:14:5-100
23        android:name="android.hardware.camera.front.autofocus"
23-->src\main\AndroidManifest.xml:14:19-73
24        android:required="false" />
24-->src\main\AndroidManifest.xml:14:74-98
25
26    <uses-permission android:name="android.permission.WRITE_EXTERNAL_STORAGE" />
26-->src\main\AndroidManifest.xml:15:5-81
26-->src\main\AndroidManifest.xml:15:22-78
27    <uses-permission android:name="android.permission.READ_EXTERNAL_STORAGE" />
27-->src\main\AndroidManifest.xml:16:5-80
27-->src\main\AndroidManifest.xml:16:22-77
28
29</manifest>